# JRE version: OpenJDK Runtime Environment Temurin-17.0.13+11 (17.0.13+11) (build 17.0.13+11)
# Java VM: OpenJDK 64-Bit Server VM Temurin-17.0.13+11 (17.0.13+11, mixed mode, tiered, compressed oops, compressed class ptrs, parallel gc, windows-amd64)
GC Precious Log:
 CPUs: 1 total, 1 available
 Memory: 2047M
 Large Page Support: Disabled
 NUMA Support: Disabled
 Compressed Oops: Enabled (32-bit)
 Alignments: Space 512K, Generation 512K, Heap 2M
 Heap Min Capacity: 100M
 Heap Initial Capacity: 100M
 Heap Max Capacity: 1G
 Pre-touch: Disabled
 Parallel Workers: 1
Heap:
 PSYoungGen      total 31232K, used 30732K [0x00000000eab00000, 0x00000000ecc80000, 0x0000000100000000)
  eden space 28160K, 98% used [0x00000000eab00000,0x00000000ec61ac88,0x00000000ec680000)
  from space 3072K, 96% used [0x00000000ec680000,0x00000000ec968698,0x00000000ec980000)
  to   space 3072K, 0% used [0x00000000ec980000,0x00000000ec980000,0x00000000ecc80000)
 ParOldGen       total 255488K, used 222672K [0x00000000c0000000, 0x00000000cf980000, 0x00000000eab00000)
  object space 255488K, 87% used [0x00000000c0000000,0x00000000cd974178,0x00000000cf980000)
 Metaspace       used 91906K, committed 93312K, reserved 1179648K
  class space    used 9502K, committed 10112K, reserved 1048576K
GC Heap History (20 events):
Event: 334.722 GC heap before
{Heap before GC invocations=306 (full 14):
 PSYoungGen      total 27648K, used 25925K [0x00000000eab00000, 0x00000000ec980000, 0x0000000100000000)
  eden space 27136K, 95% used [0x00000000eab00000,0x00000000ec441768,0x00000000ec580000)
  from space 512K, 12% used [0x00000000ec580000,0x00000000ec590000,0x00000000ec600000)
  to   space 512K, 0% used [0x00000000ec900000,0x00000000ec900000,0x00000000ec980000)
 ParOldGen       total 255488K, used 218427K [0x00000000c0000000, 0x00000000cf980000, 0x00000000eab00000)
  object space 255488K, 85% used [0x00000000c0000000,0x00000000cd54ee88,0x00000000cf980000)
 Metaspace       used 90772K, committed 92160K, reserved 1179648K
  class space    used 9416K, committed 10048K, reserved 1048576K
}
Event: 334.729 GC heap after
{Heap after GC invocations=306 (full 14):
 PSYoungGen      total 30208K, used 480K [0x00000000eab00000, 0x00000000eca00000, 0x0000000100000000)
  eden space 29696K, 0% used [0x00000000eab00000,0x00000000eab00000,0x00000000ec800000)
  from space 512K, 93% used [0x00000000ec900000,0x00000000ec978020,0x00000000ec980000)
  to   space 1024K, 0% used [0x00000000ec800000,0x00000000ec800000,0x00000000ec900000)
 ParOldGen       total 255488K, used 218763K [0x00000000c0000000, 0x00000000cf980000, 0x00000000eab00000)
  object space 255488K, 85% used [0x00000000c0000000,0x00000000cd5a2c98,0x00000000cf980000)
 Metaspace       used 90772K, committed 92160K, reserved 1179648K
  class space    used 9416K, committed 10048K, reserved 1048576K
}
Event: 339.870 GC heap before
{Heap before GC invocations=307 (full 14):
 PSYoungGen      total 30208K, used 30176K [0x00000000eab00000, 0x00000000eca00000, 0x0000000100000000)
  eden space 29696K, 100% used [0x00000000eab00000,0x00000000ec800000,0x00000000ec800000)
  from space 512K, 93% used [0x00000000ec900000,0x00000000ec978020,0x00000000ec980000)
  to   space 1024K, 0% used [0x00000000ec800000,0x00000000ec800000,0x00000000ec900000)
 ParOldGen       total 255488K, used 218763K [0x00000000c0000000, 0x00000000cf980000, 0x00000000eab00000)
  object space 255488K, 85% used [0x00000000c0000000,0x00000000cd5a2c98,0x00000000cf980000)
 Metaspace       used 90813K, committed 92224K, reserved 1179648K
  class space    used 9416K, committed 10048K, reserved 1048576K
}
Event: 339.880 GC heap after
{Heap after GC invocations=307 (full 14):
 PSYoungGen      total 30208K, used 1000K [0x00000000eab00000, 0x00000000ecb80000, 0x0000000100000000)
  eden space 29184K, 0% used [0x00000000eab00000,0x00000000eab00000,0x00000000ec780000)
  from space 1024K, 97% used [0x00000000ec800000,0x00000000ec8fa228,0x00000000ec900000)
  to   space 2048K, 0% used [0x00000000ec980000,0x00000000ec980000,0x00000000ecb80000)
 ParOldGen       total 255488K, used 219273K [0x00000000c0000000, 0x00000000cf980000, 0x00000000eab00000)
  object space 255488K, 85% used [0x00000000c0000000,0x00000000cd6226d8,0x00000000cf980000)
 Metaspace       used 90813K, committed 92224K, reserved 1179648K
  class space    used 9416K, committed 10048K, reserved 1048576K
}
Event: 343.057 GC heap before
{Heap before GC invocations=308 (full 14):
 PSYoungGen      total 30208K, used 30184K [0x00000000eab00000, 0x00000000ecb80000, 0x0000000100000000)
  eden space 29184K, 100% used [0x00000000eab00000,0x00000000ec780000,0x00000000ec780000)
  from space 1024K, 97% used [0x00000000ec800000,0x00000000ec8fa228,0x00000000ec900000)
  to   space 2048K, 0% used [0x00000000ec980000,0x00000000ec980000,0x00000000ecb80000)
 ParOldGen       total 255488K, used 219273K [0x00000000c0000000, 0x00000000cf980000, 0x00000000eab00000)
  object space 255488K, 85% used [0x00000000c0000000,0x00000000cd6226d8,0x00000000cf980000)
 Metaspace       used 90885K, committed 92288K, reserved 1179648K
  class space    used 9421K, committed 10048K, reserved 1048576K
}
Event: 343.060 GC heap after
{Heap after GC invocations=308 (full 14):
 PSYoungGen      total 30720K, used 1617K [0x00000000eab00000, 0x00000000ecb80000, 0x0000000100000000)
  eden space 28672K, 0% used [0x00000000eab00000,0x00000000eab00000,0x00000000ec700000)
  from space 2048K, 78% used [0x00000000ec980000,0x00000000ecb14690,0x00000000ecb80000)
  to   space 2048K, 0% used [0x00000000ec780000,0x00000000ec780000,0x00000000ec980000)
 ParOldGen       total 255488K, used 219281K [0x00000000c0000000, 0x00000000cf980000, 0x00000000eab00000)
  object space 255488K, 85% used [0x00000000c0000000,0x00000000cd6246d8,0x00000000cf980000)
 Metaspace       used 90885K, committed 92288K, reserved 1179648K
  class space    used 9421K, committed 10048K, reserved 1048576K
}
Event: 344.236 GC heap before
{Heap before GC invocations=309 (full 14):
 PSYoungGen      total 30720K, used 30289K [0x00000000eab00000, 0x00000000ecb80000, 0x0000000100000000)
  eden space 28672K, 100% used [0x00000000eab00000,0x00000000ec700000,0x00000000ec700000)
  from space 2048K, 78% used [0x00000000ec980000,0x00000000ecb14690,0x00000000ecb80000)
  to   space 2048K, 0% used [0x00000000ec780000,0x00000000ec780000,0x00000000ec980000)
 ParOldGen       total 255488K, used 219281K [0x00000000c0000000, 0x00000000cf980000, 0x00000000eab00000)
  object space 255488K, 85% used [0x00000000c0000000,0x00000000cd6246d8,0x00000000cf980000)
 Metaspace       used 91121K, committed 92480K, reserved 1179648K
  class space    used 9427K, committed 10048K, reserved 1048576K
}
Event: 344.248 GC heap after
{Heap after GC invocations=309 (full 14):
 PSYoungGen      total 30720K, used 2016K [0x00000000eab00000, 0x00000000ecd00000, 0x0000000100000000)
  eden space 28672K, 0% used [0x00000000eab00000,0x00000000eab00000,0x00000000ec700000)
  from space 2048K, 98% used [0x00000000ec780000,0x00000000ec9780d8,0x00000000ec980000)
  to   space 3072K, 0% used [0x00000000eca00000,0x00000000eca00000,0x00000000ecd00000)
 ParOldGen       total 255488K, used 219835K [0x00000000c0000000, 0x00000000cf980000, 0x00000000eab00000)
  object space 255488K, 86% used [0x00000000c0000000,0x00000000cd6aed28,0x00000000cf980000)
 Metaspace       used 91121K, committed 92480K, reserved 1179648K
  class space    used 9427K, committed 10048K, reserved 1048576K
}
Event: 345.625 GC heap before
{Heap before GC invocations=310 (full 14):
 PSYoungGen      total 30720K, used 30688K [0x00000000eab00000, 0x00000000ecd00000, 0x0000000100000000)
  eden space 28672K, 100% used [0x00000000eab00000,0x00000000ec700000,0x00000000ec700000)
  from space 2048K, 98% used [0x00000000ec780000,0x00000000ec9780d8,0x00000000ec980000)
  to   space 3072K, 0% used [0x00000000eca00000,0x00000000eca00000,0x00000000ecd00000)
 ParOldGen       total 255488K, used 219835K [0x00000000c0000000, 0x00000000cf980000, 0x00000000eab00000)
  object space 255488K, 86% used [0x00000000c0000000,0x00000000cd6aed28,0x00000000cf980000)
 Metaspace       used 91393K, committed 92800K, reserved 1179648K
  class space    used 9477K, committed 10112K, reserved 1048576K
}
Event: 345.641 GC heap after
{Heap after GC invocations=310 (full 14):
 PSYoungGen      total 30720K, used 1824K [0x00000000eab00000, 0x00000000ecc00000, 0x0000000100000000)
  eden space 28672K, 0% used [0x00000000eab00000,0x00000000eab00000,0x00000000ec700000)
  from space 2048K, 89% used [0x00000000eca00000,0x00000000ecbc8098,0x00000000ecc00000)
  to   space 2560K, 0% used [0x00000000ec700000,0x00000000ec700000,0x00000000ec980000)
 ParOldGen       total 255488K, used 220351K [0x00000000c0000000, 0x00000000cf980000, 0x00000000eab00000)
  object space 255488K, 86% used [0x00000000c0000000,0x00000000cd72ff50,0x00000000cf980000)
 Metaspace       used 91393K, committed 92800K, reserved 1179648K
  class space    used 9477K, committed 10112K, reserved 1048576K
}
Event: 348.903 GC heap before
{Heap before GC invocations=311 (full 14):
 PSYoungGen      total 30720K, used 30496K [0x00000000eab00000, 0x00000000ecc00000, 0x0000000100000000)
  eden space 28672K, 100% used [0x00000000eab00000,0x00000000ec700000,0x00000000ec700000)
  from space 2048K, 89% used [0x00000000eca00000,0x00000000ecbc8098,0x00000000ecc00000)
  to   space 2560K, 0% used [0x00000000ec700000,0x00000000ec700000,0x00000000ec980000)
 ParOldGen       total 255488K, used 220351K [0x00000000c0000000, 0x00000000cf980000, 0x00000000eab00000)
  object space 255488K, 86% used [0x00000000c0000000,0x00000000cd72ff50,0x00000000cf980000)
 Metaspace       used 91476K, committed 92864K, reserved 1179648K
  class space    used 9484K, committed 10112K, reserved 1048576K
}
Event: 348.907 GC heap after
{Heap after GC invocations=311 (full 14):
 PSYoungGen      total 31232K, used 2528K [0x00000000eab00000, 0x00000000ecd00000, 0x0000000100000000)
  eden space 28672K, 0% used [0x00000000eab00000,0x00000000eab00000,0x00000000ec700000)
  from space 2560K, 98% used [0x00000000ec700000,0x00000000ec9780d8,0x00000000ec980000)
  to   space 3072K, 0% used [0x00000000eca00000,0x00000000eca00000,0x00000000ecd00000)
 ParOldGen       total 255488K, used 220497K [0x00000000c0000000, 0x00000000cf980000, 0x00000000eab00000)
  object space 255488K, 86% used [0x00000000c0000000,0x00000000cd754670,0x00000000cf980000)
 Metaspace       used 91476K, committed 92864K, reserved 1179648K
  class space    used 9484K, committed 10112K, reserved 1048576K
}
Event: 350.637 GC heap before
{Heap before GC invocations=312 (full 14):
 PSYoungGen      total 31232K, used 31200K [0x00000000eab00000, 0x00000000ecd00000, 0x0000000100000000)
  eden space 28672K, 100% used [0x00000000eab00000,0x00000000ec700000,0x00000000ec700000)
  from space 2560K, 98% used [0x00000000ec700000,0x00000000ec9780d8,0x00000000ec980000)
  to   space 3072K, 0% used [0x00000000eca00000,0x00000000eca00000,0x00000000ecd00000)
 ParOldGen       total 255488K, used 220497K [0x00000000c0000000, 0x00000000cf980000, 0x00000000eab00000)
  object space 255488K, 86% used [0x00000000c0000000,0x00000000cd754670,0x00000000cf980000)
 Metaspace       used 91702K, committed 93056K, reserved 1179648K
  class space    used 9492K, committed 10112K, reserved 1048576K
}
Event: 350.646 GC heap after
{Heap after GC invocations=312 (full 14):
 PSYoungGen      total 31744K, used 2752K [0x00000000eab00000, 0x00000000ecd00000, 0x0000000100000000)
  eden space 28672K, 0% used [0x00000000eab00000,0x00000000eab00000,0x00000000ec700000)
  from space 3072K, 89% used [0x00000000eca00000,0x00000000eccb0040,0x00000000ecd00000)
  to   space 3072K, 0% used [0x00000000ec700000,0x00000000ec700000,0x00000000eca00000)
 ParOldGen       total 255488K, used 221350K [0x00000000c0000000, 0x00000000cf980000, 0x00000000eab00000)
  object space 255488K, 86% used [0x00000000c0000000,0x00000000cd829bd8,0x00000000cf980000)
 Metaspace       used 91702K, committed 93056K, reserved 1179648K
  class space    used 9492K, committed 10112K, reserved 1048576K
}
Event: 352.013 GC heap before
{Heap before GC invocations=313 (full 14):
 PSYoungGen      total 31744K, used 30380K [0x00000000eab00000, 0x00000000ecd00000, 0x0000000100000000)
  eden space 28672K, 96% used [0x00000000eab00000,0x00000000ec5fafe8,0x00000000ec700000)
  from space 3072K, 89% used [0x00000000eca00000,0x00000000eccb0040,0x00000000ecd00000)
  to   space 3072K, 0% used [0x00000000ec700000,0x00000000ec700000,0x00000000eca00000)
 ParOldGen       total 255488K, used 221350K [0x00000000c0000000, 0x00000000cf980000, 0x00000000eab00000)
  object space 255488K, 86% used [0x00000000c0000000,0x00000000cd829bd8,0x00000000cf980000)
 Metaspace       used 91786K, committed 93184K, reserved 1179648K
  class space    used 9495K, committed 10112K, reserved 1048576K
}
Event: 352.018 GC heap after
{Heap after GC invocations=313 (full 14):
 PSYoungGen      total 31744K, used 2912K [0x00000000eab00000, 0x00000000ecd00000, 0x0000000100000000)
  eden space 28672K, 0% used [0x00000000eab00000,0x00000000eab00000,0x00000000ec700000)
  from space 3072K, 94% used [0x00000000ec700000,0x00000000ec9d8020,0x00000000eca00000)
  to   space 3072K, 0% used [0x00000000eca00000,0x00000000eca00000,0x00000000ecd00000)
 ParOldGen       total 255488K, used 221350K [0x00000000c0000000, 0x00000000cf980000, 0x00000000eab00000)
  object space 255488K, 86% used [0x00000000c0000000,0x00000000cd829bd8,0x00000000cf980000)
 Metaspace       used 91786K, committed 93184K, reserved 1179648K
  class space    used 9495K, committed 10112K, reserved 1048576K
}
Event: 352.797 GC heap before
{Heap before GC invocations=314 (full 14):
 PSYoungGen      total 31744K, used 31584K [0x00000000eab00000, 0x00000000ecd00000, 0x0000000100000000)
  eden space 28672K, 100% used [0x00000000eab00000,0x00000000ec700000,0x00000000ec700000)
  from space 3072K, 94% used [0x00000000ec700000,0x00000000ec9d8020,0x00000000eca00000)
  to   space 3072K, 0% used [0x00000000eca00000,0x00000000eca00000,0x00000000ecd00000)
 ParOldGen       total 255488K, used 221350K [0x00000000c0000000, 0x00000000cf980000, 0x00000000eab00000)
  object space 255488K, 86% used [0x00000000c0000000,0x00000000cd829bd8,0x00000000cf980000)
 Metaspace       used 91832K, committed 93248K, reserved 1179648K
  class space    used 9498K, committed 10112K, reserved 1048576K
}
Event: 352.806 GC heap after
{Heap after GC invocations=314 (full 14):
 PSYoungGen      total 31232K, used 3048K [0x00000000eab00000, 0x00000000ece00000, 0x0000000100000000)
  eden space 28160K, 0% used [0x00000000eab00000,0x00000000eab00000,0x00000000ec680000)
  from space 3072K, 99% used [0x00000000eca00000,0x00000000eccfa1e8,0x00000000ecd00000)
  to   space 3584K, 0% used [0x00000000ec680000,0x00000000ec680000,0x00000000eca00000)
 ParOldGen       total 255488K, used 221526K [0x00000000c0000000, 0x00000000cf980000, 0x00000000eab00000)
  object space 255488K, 86% used [0x00000000c0000000,0x00000000cd855838,0x00000000cf980000)
 Metaspace       used 91832K, committed 93248K, reserved 1179648K
  class space    used 9498K, committed 10112K, reserved 1048576K
}
Event: 353.560 GC heap before
{Heap before GC invocations=315 (full 14):
 PSYoungGen      total 31232K, used 31208K [0x00000000eab00000, 0x00000000ece00000, 0x0000000100000000)
  eden space 28160K, 100% used [0x00000000eab00000,0x00000000ec680000,0x00000000ec680000)
  from space 3072K, 99% used [0x00000000eca00000,0x00000000eccfa1e8,0x00000000ecd00000)
  to   space 3584K, 0% used [0x00000000ec680000,0x00000000ec680000,0x00000000eca00000)
 ParOldGen       total 255488K, used 221526K [0x00000000c0000000, 0x00000000cf980000, 0x00000000eab00000)
  object space 255488K, 86% used [0x00000000c0000000,0x00000000cd855838,0x00000000cf980000)
 Metaspace       used 91885K, committed 93312K, reserved 1179648K
  class space    used 9499K, committed 10112K, reserved 1048576K
}
Event: 353.572 GC heap after
{Heap after GC invocations=315 (full 14):
 PSYoungGen      total 31232K, used 2977K [0x00000000eab00000, 0x00000000ecc80000, 0x0000000100000000)
  eden space 28160K, 0% used [0x00000000eab00000,0x00000000eab00000,0x00000000ec680000)
  from space 3072K, 96% used [0x00000000ec680000,0x00000000ec968698,0x00000000ec980000)
  to   space 3072K, 0% used [0x00000000ec980000,0x00000000ec980000,0x00000000ecc80000)
 ParOldGen       total 255488K, used 222672K [0x00000000c0000000, 0x00000000cf980000, 0x00000000eab00000)
  object space 255488K, 87% used [0x00000000c0000000,0x00000000cd974178,0x00000000cf980000)
 Metaspace       used 91885K, committed 93312K, reserved 1179648K
  class space    used 9499K, committed 10112K, reserved 1048576K
}

