# JRE version: OpenJDK Runtime Environment Temurin-17.0.13+11 (17.0.13+11) (build 17.0.13+11)
# Java VM: OpenJDK 64-Bit Server VM Temurin-17.0.13+11 (17.0.13+11, mixed mode, tiered, compressed oops, compressed class ptrs, parallel gc, windows-amd64)
GC Precious Log:
 CPUs: 1 total, 1 available
 Memory: 2047M
 Large Page Support: Disabled
 NUMA Support: Disabled
 Compressed Oops: Enabled (32-bit)
 Alignments: Space 512K, Generation 512K, Heap 2M
 Heap Min Capacity: 100M
 Heap Initial Capacity: 100M
 Heap Max Capacity: 1G
 Pre-touch: Disabled
 Parallel Workers: 1
Heap:
 PSYoungGen      total 22016K, used 17434K [0x00000000eab00000, 0x00000000eca80000, 0x0000000100000000)
  eden space 15360K, 71% used [0x00000000eab00000,0x00000000eb5cb478,0x00000000eba00000)
  from space 6656K, 95% used [0x00000000ebf80000,0x00000000ec5bb6a0,0x00000000ec600000)
  to   space 4608K, 0% used [0x00000000ec600000,0x00000000ec600000,0x00000000eca80000)
 ParOldGen       total 390656K, used 338148K [0x00000000c0000000, 0x00000000d7d80000, 0x00000000eab00000)
  object space 390656K, 86% used [0x00000000c0000000,0x00000000d4a390f0,0x00000000d7d80000)
 Metaspace       used 74223K, committed 75584K, reserved 1179648K
  class space    used 7913K, committed 8512K, reserved 1048576K
GC Heap History (20 events):
Event: 75.187 GC heap before
{Heap before GC invocations=109 (full 10):
 PSYoungGen      total 22016K, used 22006K [0x00000000eab00000, 0x00000000ed100000, 0x0000000100000000)
  eden space 15360K, 100% used [0x00000000eab00000,0x00000000eba00000,0x00000000eba00000)
  from space 6656K, 99% used [0x00000000ebc00000,0x00000000ec27db18,0x00000000ec280000)
  to   space 11776K, 0% used [0x00000000ec580000,0x00000000ec580000,0x00000000ed100000)
 ParOldGen       total 357888K, used 316911K [0x00000000c0000000, 0x00000000d5d80000, 0x00000000eab00000)
  object space 357888K, 88% used [0x00000000c0000000,0x00000000d357bc80,0x00000000d5d80000)
 Metaspace       used 72876K, committed 74176K, reserved 1179648K
  class space    used 7765K, committed 8384K, reserved 1048576K
}
Event: 75.200 GC heap after
{Heap after GC invocations=109 (full 10):
 PSYoungGen      total 21504K, used 6140K [0x00000000eab00000, 0x00000000ecb80000, 0x0000000100000000)
  eden space 15360K, 0% used [0x00000000eab00000,0x00000000eab00000,0x00000000eba00000)
  from space 6144K, 99% used [0x00000000ec580000,0x00000000ecb7f228,0x00000000ecb80000)
  to   space 7680K, 0% used [0x00000000ebc80000,0x00000000ebc80000,0x00000000ec400000)
 ParOldGen       total 357888K, used 323443K [0x00000000c0000000, 0x00000000d5d80000, 0x00000000eab00000)
  object space 357888K, 90% used [0x00000000c0000000,0x00000000d3bdcc50,0x00000000d5d80000)
 Metaspace       used 72876K, committed 74176K, reserved 1179648K
  class space    used 7765K, committed 8384K, reserved 1048576K
}
Event: 75.372 GC heap before
{Heap before GC invocations=110 (full 10):
 PSYoungGen      total 21504K, used 21500K [0x00000000eab00000, 0x00000000ecb80000, 0x0000000100000000)
  eden space 15360K, 100% used [0x00000000eab00000,0x00000000eba00000,0x00000000eba00000)
  from space 6144K, 99% used [0x00000000ec580000,0x00000000ecb7f228,0x00000000ecb80000)
  to   space 7680K, 0% used [0x00000000ebc80000,0x00000000ebc80000,0x00000000ec400000)
 ParOldGen       total 357888K, used 323443K [0x00000000c0000000, 0x00000000d5d80000, 0x00000000eab00000)
  object space 357888K, 90% used [0x00000000c0000000,0x00000000d3bdcc50,0x00000000d5d80000)
 Metaspace       used 72876K, committed 74176K, reserved 1179648K
  class space    used 7765K, committed 8384K, reserved 1048576K
}
Event: 75.378 GC heap after
{Heap after GC invocations=110 (full 10):
 PSYoungGen      total 23040K, used 7656K [0x00000000eab00000, 0x00000000ed300000, 0x0000000100000000)
  eden space 15360K, 0% used [0x00000000eab00000,0x00000000eab00000,0x00000000eba00000)
  from space 7680K, 99% used [0x00000000ebc80000,0x00000000ec3fa210,0x00000000ec400000)
  to   space 12800K, 0% used [0x00000000ec680000,0x00000000ec680000,0x00000000ed300000)
 ParOldGen       total 357888K, used 327432K [0x00000000c0000000, 0x00000000d5d80000, 0x00000000eab00000)
  object space 357888K, 91% used [0x00000000c0000000,0x00000000d3fc2260,0x00000000d5d80000)
 Metaspace       used 72876K, committed 74176K, reserved 1179648K
  class space    used 7765K, committed 8384K, reserved 1048576K
}
Event: 76.798 GC heap before
{Heap before GC invocations=111 (full 10):
 PSYoungGen      total 23040K, used 22968K [0x00000000eab00000, 0x00000000ed300000, 0x0000000100000000)
  eden space 15360K, 99% used [0x00000000eab00000,0x00000000eb9f3f40,0x00000000eba00000)
  from space 7680K, 99% used [0x00000000ebc80000,0x00000000ec3fa210,0x00000000ec400000)
  to   space 12800K, 0% used [0x00000000ec680000,0x00000000ec680000,0x00000000ed300000)
 ParOldGen       total 357888K, used 327432K [0x00000000c0000000, 0x00000000d5d80000, 0x00000000eab00000)
  object space 357888K, 91% used [0x00000000c0000000,0x00000000d3fc2260,0x00000000d5d80000)
 Metaspace       used 72889K, committed 74176K, reserved 1179648K
  class space    used 7766K, committed 8384K, reserved 1048576K
}
Event: 76.817 GC heap after
{Heap after GC invocations=111 (full 10):
 PSYoungGen      total 23040K, used 7193K [0x00000000eab00000, 0x00000000ece00000, 0x0000000100000000)
  eden space 15360K, 0% used [0x00000000eab00000,0x00000000eab00000,0x00000000eba00000)
  from space 7680K, 93% used [0x00000000ec680000,0x00000000ecd864e0,0x00000000ece00000)
  to   space 9216K, 0% used [0x00000000ebc00000,0x00000000ebc00000,0x00000000ec500000)
 ParOldGen       total 357888K, used 335060K [0x00000000c0000000, 0x00000000d5d80000, 0x00000000eab00000)
  object space 357888K, 93% used [0x00000000c0000000,0x00000000d4735330,0x00000000d5d80000)
 Metaspace       used 72889K, committed 74176K, reserved 1179648K
  class space    used 7766K, committed 8384K, reserved 1048576K
}
Event: 77.961 GC heap before
{Heap before GC invocations=112 (full 10):
 PSYoungGen      total 23040K, used 22553K [0x00000000eab00000, 0x00000000ece00000, 0x0000000100000000)
  eden space 15360K, 100% used [0x00000000eab00000,0x00000000eba00000,0x00000000eba00000)
  from space 7680K, 93% used [0x00000000ec680000,0x00000000ecd864e0,0x00000000ece00000)
  to   space 9216K, 0% used [0x00000000ebc00000,0x00000000ebc00000,0x00000000ec500000)
 ParOldGen       total 357888K, used 335060K [0x00000000c0000000, 0x00000000d5d80000, 0x00000000eab00000)
  object space 357888K, 93% used [0x00000000c0000000,0x00000000d4735330,0x00000000d5d80000)
 Metaspace       used 72889K, committed 74176K, reserved 1179648K
  class space    used 7766K, committed 8384K, reserved 1048576K
}
Event: 77.991 GC heap after
{Heap after GC invocations=112 (full 10):
 PSYoungGen      total 24576K, used 9199K [0x00000000eab00000, 0x00000000ee000000, 0x0000000100000000)
  eden space 15360K, 0% used [0x00000000eab00000,0x00000000eab00000,0x00000000eba00000)
  from space 9216K, 99% used [0x00000000ebc00000,0x00000000ec4fbc28,0x00000000ec500000)
  to   space 19456K, 0% used [0x00000000ecd00000,0x00000000ecd00000,0x00000000ee000000)
 ParOldGen       total 357888K, used 343174K [0x00000000c0000000, 0x00000000d5d80000, 0x00000000eab00000)
  object space 357888K, 95% used [0x00000000c0000000,0x00000000d4f21898,0x00000000d5d80000)
 Metaspace       used 72889K, committed 74176K, reserved 1179648K
  class space    used 7766K, committed 8384K, reserved 1048576K
}
Event: 79.085 GC heap before
{Heap before GC invocations=113 (full 10):
 PSYoungGen      total 24576K, used 24559K [0x00000000eab00000, 0x00000000ee000000, 0x0000000100000000)
  eden space 15360K, 99% used [0x00000000eab00000,0x00000000eb9fffd8,0x00000000eba00000)
  from space 9216K, 99% used [0x00000000ebc00000,0x00000000ec4fbc28,0x00000000ec500000)
  to   space 19456K, 0% used [0x00000000ecd00000,0x00000000ecd00000,0x00000000ee000000)
 ParOldGen       total 357888K, used 343174K [0x00000000c0000000, 0x00000000d5d80000, 0x00000000eab00000)
  object space 357888K, 95% used [0x00000000c0000000,0x00000000d4f21898,0x00000000d5d80000)
 Metaspace       used 72889K, committed 74176K, reserved 1179648K
  class space    used 7766K, committed 8384K, reserved 1048576K
}
Event: 79.128 GC heap after
{Heap after GC invocations=113 (full 10):
 PSYoungGen      total 30720K, used 15221K [0x00000000eab00000, 0x00000000edc00000, 0x0000000100000000)
  eden space 15360K, 0% used [0x00000000eab00000,0x00000000eab00000,0x00000000eba00000)
  from space 15360K, 99% used [0x00000000ecd00000,0x00000000edbdd668,0x00000000edc00000)
  to   space 16384K, 0% used [0x00000000ebc00000,0x00000000ebc00000,0x00000000ecc00000)
 ParOldGen       total 357888K, used 349878K [0x00000000c0000000, 0x00000000d5d80000, 0x00000000eab00000)
  object space 357888K, 97% used [0x00000000c0000000,0x00000000d55ada70,0x00000000d5d80000)
 Metaspace       used 72889K, committed 74176K, reserved 1179648K
  class space    used 7766K, committed 8384K, reserved 1048576K
}
Event: 82.070 GC heap before
{Heap before GC invocations=114 (full 10):
 PSYoungGen      total 30720K, used 30581K [0x00000000eab00000, 0x00000000edc00000, 0x0000000100000000)
  eden space 15360K, 100% used [0x00000000eab00000,0x00000000eba00000,0x00000000eba00000)
  from space 15360K, 99% used [0x00000000ecd00000,0x00000000edbdd668,0x00000000edc00000)
  to   space 16384K, 0% used [0x00000000ebc00000,0x00000000ebc00000,0x00000000ecc00000)
 ParOldGen       total 357888K, used 349878K [0x00000000c0000000, 0x00000000d5d80000, 0x00000000eab00000)
  object space 357888K, 97% used [0x00000000c0000000,0x00000000d55ada70,0x00000000d5d80000)
 Metaspace       used 72889K, committed 74176K, reserved 1179648K
  class space    used 7766K, committed 8384K, reserved 1048576K
}
Event: 82.115 GC heap after
{Heap after GC invocations=114 (full 10):
 PSYoungGen      total 31744K, used 16365K [0x00000000eab00000, 0x00000000ef900000, 0x0000000100000000)
  eden space 15360K, 0% used [0x00000000eab00000,0x00000000eab00000,0x00000000eba00000)
  from space 16384K, 99% used [0x00000000ebc00000,0x00000000ecbfb7a0,0x00000000ecc00000)
  to   space 32256K, 0% used [0x00000000ed980000,0x00000000ed980000,0x00000000ef900000)
 ParOldGen       total 363008K, used 362944K [0x00000000c0000000, 0x00000000d6280000, 0x00000000eab00000)
  object space 363008K, 99% used [0x00000000c0000000,0x00000000d6270290,0x00000000d6280000)
 Metaspace       used 72889K, committed 74176K, reserved 1179648K
  class space    used 7766K, committed 8384K, reserved 1048576K
}
Event: 83.613 GC heap before
{Heap before GC invocations=115 (full 11):
 PSYoungGen      total 31744K, used 31725K [0x00000000eab00000, 0x00000000ef900000, 0x0000000100000000)
  eden space 15360K, 100% used [0x00000000eab00000,0x00000000eba00000,0x00000000eba00000)
  from space 16384K, 99% used [0x00000000ebc00000,0x00000000ecbfb7a0,0x00000000ecc00000)
  to   space 32256K, 0% used [0x00000000ed980000,0x00000000ed980000,0x00000000ef900000)
 ParOldGen       total 363008K, used 362944K [0x00000000c0000000, 0x00000000d6280000, 0x00000000eab00000)
  object space 363008K, 99% used [0x00000000c0000000,0x00000000d6270290,0x00000000d6280000)
 Metaspace       used 72911K, committed 74176K, reserved 1179648K
  class space    used 7766K, committed 8384K, reserved 1048576K
}
Event: 83.995 GC heap after
{Heap after GC invocations=115 (full 11):
 PSYoungGen      total 47616K, used 0K [0x00000000eab00000, 0x00000000ef900000, 0x0000000100000000)
  eden space 15360K, 0% used [0x00000000eab00000,0x00000000eab00000,0x00000000eba00000)
  from space 32256K, 0% used [0x00000000ed980000,0x00000000ed980000,0x00000000ef900000)
  to   space 32256K, 0% used [0x00000000eba00000,0x00000000eba00000,0x00000000ed980000)
 ParOldGen       total 390656K, used 338148K [0x00000000c0000000, 0x00000000d7d80000, 0x00000000eab00000)
  object space 390656K, 86% used [0x00000000c0000000,0x00000000d4a390f0,0x00000000d7d80000)
 Metaspace       used 72911K, committed 74176K, reserved 1179648K
  class space    used 7766K, committed 8384K, reserved 1048576K
}
Event: 84.905 GC heap before
{Heap before GC invocations=116 (full 11):
 PSYoungGen      total 47616K, used 15360K [0x00000000eab00000, 0x00000000ef900000, 0x0000000100000000)
  eden space 15360K, 100% used [0x00000000eab00000,0x00000000eba00000,0x00000000eba00000)
  from space 32256K, 0% used [0x00000000ed980000,0x00000000ed980000,0x00000000ef900000)
  to   space 32256K, 0% used [0x00000000eba00000,0x00000000eba00000,0x00000000ed980000)
 ParOldGen       total 390656K, used 338148K [0x00000000c0000000, 0x00000000d7d80000, 0x00000000eab00000)
  object space 390656K, 86% used [0x00000000c0000000,0x00000000d4a390f0,0x00000000d7d80000)
 Metaspace       used 72941K, committed 74304K, reserved 1179648K
  class space    used 7769K, committed 8384K, reserved 1048576K
}
Event: 84.917 GC heap after
{Heap after GC invocations=116 (full 11):
 PSYoungGen      total 24576K, used 8730K [0x00000000eab00000, 0x00000000eda00000, 0x0000000100000000)
  eden space 15360K, 0% used [0x00000000eab00000,0x00000000eab00000,0x00000000eba00000)
  from space 9216K, 94% used [0x00000000eba00000,0x00000000ec286b18,0x00000000ec300000)
  to   space 16384K, 0% used [0x00000000eca00000,0x00000000eca00000,0x00000000eda00000)
 ParOldGen       total 390656K, used 338148K [0x00000000c0000000, 0x00000000d7d80000, 0x00000000eab00000)
  object space 390656K, 86% used [0x00000000c0000000,0x00000000d4a390f0,0x00000000d7d80000)
 Metaspace       used 72941K, committed 74304K, reserved 1179648K
  class space    used 7769K, committed 8384K, reserved 1048576K
}
Event: 85.720 GC heap before
{Heap before GC invocations=117 (full 11):
 PSYoungGen      total 24576K, used 24090K [0x00000000eab00000, 0x00000000eda00000, 0x0000000100000000)
  eden space 15360K, 100% used [0x00000000eab00000,0x00000000eba00000,0x00000000eba00000)
  from space 9216K, 94% used [0x00000000eba00000,0x00000000ec286b18,0x00000000ec300000)
  to   space 16384K, 0% used [0x00000000eca00000,0x00000000eca00000,0x00000000eda00000)
 ParOldGen       total 390656K, used 338148K [0x00000000c0000000, 0x00000000d7d80000, 0x00000000eab00000)
  object space 390656K, 86% used [0x00000000c0000000,0x00000000d4a390f0,0x00000000d7d80000)
 Metaspace       used 72973K, committed 74304K, reserved 1179648K
  class space    used 7770K, committed 8384K, reserved 1048576K
}
Event: 85.732 GC heap after
{Heap after GC invocations=117 (full 11):
 PSYoungGen      total 23040K, used 7473K [0x00000000eab00000, 0x00000000ed180000, 0x0000000100000000)
  eden space 15360K, 0% used [0x00000000eab00000,0x00000000eab00000,0x00000000eba00000)
  from space 7680K, 97% used [0x00000000eca00000,0x00000000ed14c788,0x00000000ed180000)
  to   space 9216K, 0% used [0x00000000ebf80000,0x00000000ebf80000,0x00000000ec880000)
 ParOldGen       total 390656K, used 338148K [0x00000000c0000000, 0x00000000d7d80000, 0x00000000eab00000)
  object space 390656K, 86% used [0x00000000c0000000,0x00000000d4a390f0,0x00000000d7d80000)
 Metaspace       used 72973K, committed 74304K, reserved 1179648K
  class space    used 7770K, committed 8384K, reserved 1048576K
}
Event: 121.383 GC heap before
{Heap before GC invocations=118 (full 11):
 PSYoungGen      total 23040K, used 22833K [0x00000000eab00000, 0x00000000ed180000, 0x0000000100000000)
  eden space 15360K, 100% used [0x00000000eab00000,0x00000000eba00000,0x00000000eba00000)
  from space 7680K, 97% used [0x00000000eca00000,0x00000000ed14c788,0x00000000ed180000)
  to   space 9216K, 0% used [0x00000000ebf80000,0x00000000ebf80000,0x00000000ec880000)
 ParOldGen       total 390656K, used 338148K [0x00000000c0000000, 0x00000000d7d80000, 0x00000000eab00000)
  object space 390656K, 86% used [0x00000000c0000000,0x00000000d4a390f0,0x00000000d7d80000)
 Metaspace       used 73342K, committed 74624K, reserved 1179648K
  class space    used 7791K, committed 8384K, reserved 1048576K
}
Event: 121.641 GC heap after
{Heap after GC invocations=118 (full 11):
 PSYoungGen      total 22016K, used 6381K [0x00000000eab00000, 0x00000000eca80000, 0x0000000100000000)
  eden space 15360K, 0% used [0x00000000eab00000,0x00000000eab00000,0x00000000eba00000)
  from space 6656K, 95% used [0x00000000ebf80000,0x00000000ec5bb6a0,0x00000000ec600000)
  to   space 4608K, 0% used [0x00000000ec600000,0x00000000ec600000,0x00000000eca80000)
 ParOldGen       total 390656K, used 338148K [0x00000000c0000000, 0x00000000d7d80000, 0x00000000eab00000)
  object space 390656K, 86% used [0x00000000c0000000,0x00000000d4a390f0,0x00000000d7d80000)
 Metaspace       used 73342K, committed 74624K, reserved 1179648K
  class space    used 7791K, committed 8384K, reserved 1048576K
}

