# JRE version: OpenJDK Runtime Environment Temurin-17.0.13+11 (17.0.13+11) (build 17.0.13+11)
# Java VM: OpenJDK 64-Bit Server VM Temurin-17.0.13+11 (17.0.13+11, mixed mode, tiered, compressed oops, compressed class ptrs, parallel gc, windows-amd64)
GC Precious Log:
 CPUs: 1 total, 1 available
 Memory: 2047M
 Large Page Support: Disabled
 NUMA Support: Disabled
 Compressed Oops: Enabled (32-bit)
 Alignments: Space 512K, Generation 512K, Heap 2M
 Heap Min Capacity: 100M
 Heap Initial Capacity: 100M
 Heap Max Capacity: 1G
 Pre-touch: Disabled
 Parallel Workers: 1
Heap:
 PSYoungGen      total 9216K, used 448K [0x00000000eab00000, 0x00000000eb700000, 0x0000000100000000)
  eden space 6144K, 7% used [0x00000000eab00000,0x00000000eab70000,0x00000000eb100000)
  from space 3072K, 0% used [0x00000000eb400000,0x00000000eb400000,0x00000000eb700000)
  to   space 3072K, 0% used [0x00000000eb100000,0x00000000eb100000,0x00000000eb400000)
 ParOldGen       total 327680K, used 324506K [0x00000000c0000000, 0x00000000d4000000, 0x00000000eab00000)
  object space 327680K, 99% used [0x00000000c0000000,0x00000000d3ce68b0,0x00000000d4000000)
 Metaspace       used 77818K, committed 79040K, reserved 1179648K
  class space    used 8216K, committed 8768K, reserved 1048576K
GC Heap History (20 events):
Event: 80.798 GC heap before
{Heap before GC invocations=322 (full 14):
 PSYoungGen      total 2560K, used 2547K [0x00000000eab00000, 0x00000000eb300000, 0x0000000100000000)
  eden space 1536K, 100% used [0x00000000eab00000,0x00000000eac80000,0x00000000eac80000)
  from space 1024K, 98% used [0x00000000eaf80000,0x00000000eb07cfd0,0x00000000eb080000)
  to   space 3072K, 0% used [0x00000000eac80000,0x00000000eac80000,0x00000000eaf80000)
 ParOldGen       total 327680K, used 310778K [0x00000000c0000000, 0x00000000d4000000, 0x00000000eab00000)
  object space 327680K, 94% used [0x00000000c0000000,0x00000000d2f7e910,0x00000000d4000000)
 Metaspace       used 76829K, committed 78080K, reserved 1179648K
  class space    used 8043K, committed 8640K, reserved 1048576K
}
Event: 80.803 GC heap after
{Heap after GC invocations=322 (full 14):
 PSYoungGen      total 3072K, used 1519K [0x00000000eab00000, 0x00000000eb100000, 0x0000000100000000)
  eden space 1536K, 0% used [0x00000000eab00000,0x00000000eab00000,0x00000000eac80000)
  from space 1536K, 98% used [0x00000000eac80000,0x00000000eadfbf40,0x00000000eae00000)
  to   space 2048K, 0% used [0x00000000eaf00000,0x00000000eaf00000,0x00000000eb100000)
 ParOldGen       total 327680K, used 311787K [0x00000000c0000000, 0x00000000d4000000, 0x00000000eab00000)
  object space 327680K, 95% used [0x00000000c0000000,0x00000000d307add0,0x00000000d4000000)
 Metaspace       used 76829K, committed 78080K, reserved 1179648K
  class space    used 8043K, committed 8640K, reserved 1048576K
}
Event: 80.834 GC heap before
{Heap before GC invocations=323 (full 14):
 PSYoungGen      total 3072K, used 2892K [0x00000000eab00000, 0x00000000eb100000, 0x0000000100000000)
  eden space 1536K, 89% used [0x00000000eab00000,0x00000000eac57110,0x00000000eac80000)
  from space 1536K, 98% used [0x00000000eac80000,0x00000000eadfbf40,0x00000000eae00000)
  to   space 2048K, 0% used [0x00000000eaf00000,0x00000000eaf00000,0x00000000eb100000)
 ParOldGen       total 327680K, used 311787K [0x00000000c0000000, 0x00000000d4000000, 0x00000000eab00000)
  object space 327680K, 95% used [0x00000000c0000000,0x00000000d307add0,0x00000000d4000000)
 Metaspace       used 76874K, committed 78080K, reserved 1179648K
  class space    used 8057K, committed 8640K, reserved 1048576K
}
Event: 80.839 GC heap after
{Heap after GC invocations=323 (full 14):
 PSYoungGen      total 3072K, used 583K [0x00000000eab00000, 0x00000000eb000000, 0x0000000100000000)
  eden space 2048K, 0% used [0x00000000eab00000,0x00000000eab00000,0x00000000ead00000)
  from space 1024K, 56% used [0x00000000eaf00000,0x00000000eaf91c28,0x00000000eb000000)
  to   space 1024K, 0% used [0x00000000eae00000,0x00000000eae00000,0x00000000eaf00000)
 ParOldGen       total 327680K, used 313288K [0x00000000c0000000, 0x00000000d4000000, 0x00000000eab00000)
  object space 327680K, 95% used [0x00000000c0000000,0x00000000d31f2200,0x00000000d4000000)
 Metaspace       used 76874K, committed 78080K, reserved 1179648K
  class space    used 8057K, committed 8640K, reserved 1048576K
}
Event: 80.861 GC heap before
{Heap before GC invocations=324 (full 14):
 PSYoungGen      total 3072K, used 2631K [0x00000000eab00000, 0x00000000eb000000, 0x0000000100000000)
  eden space 2048K, 100% used [0x00000000eab00000,0x00000000ead00000,0x00000000ead00000)
  from space 1024K, 56% used [0x00000000eaf00000,0x00000000eaf91c28,0x00000000eb000000)
  to   space 1024K, 0% used [0x00000000eae00000,0x00000000eae00000,0x00000000eaf00000)
 ParOldGen       total 327680K, used 313288K [0x00000000c0000000, 0x00000000d4000000, 0x00000000eab00000)
  object space 327680K, 95% used [0x00000000c0000000,0x00000000d31f2200,0x00000000d4000000)
 Metaspace       used 76874K, committed 78080K, reserved 1179648K
  class space    used 8057K, committed 8640K, reserved 1048576K
}
Event: 80.866 GC heap after
{Heap after GC invocations=324 (full 14):
 PSYoungGen      total 3584K, used 1006K [0x00000000eab00000, 0x00000000eb380000, 0x0000000100000000)
  eden space 2560K, 0% used [0x00000000eab00000,0x00000000eab00000,0x00000000ead80000)
  from space 1024K, 98% used [0x00000000eae00000,0x00000000eaefbb70,0x00000000eaf00000)
  to   space 3072K, 0% used [0x00000000eb080000,0x00000000eb080000,0x00000000eb380000)
 ParOldGen       total 327680K, used 314884K [0x00000000c0000000, 0x00000000d4000000, 0x00000000eab00000)
  object space 327680K, 96% used [0x00000000c0000000,0x00000000d3381370,0x00000000d4000000)
 Metaspace       used 76874K, committed 78080K, reserved 1179648K
  class space    used 8057K, committed 8640K, reserved 1048576K
}
Event: 80.912 GC heap before
{Heap before GC invocations=325 (full 14):
 PSYoungGen      total 3584K, used 3566K [0x00000000eab00000, 0x00000000eb380000, 0x0000000100000000)
  eden space 2560K, 100% used [0x00000000eab00000,0x00000000ead80000,0x00000000ead80000)
  from space 1024K, 98% used [0x00000000eae00000,0x00000000eaefbb70,0x00000000eaf00000)
  to   space 3072K, 0% used [0x00000000eb080000,0x00000000eb080000,0x00000000eb380000)
 ParOldGen       total 327680K, used 314884K [0x00000000c0000000, 0x00000000d4000000, 0x00000000eab00000)
  object space 327680K, 96% used [0x00000000c0000000,0x00000000d3381370,0x00000000d4000000)
 Metaspace       used 77129K, committed 78336K, reserved 1179648K
  class space    used 8082K, committed 8640K, reserved 1048576K
}
Event: 80.917 GC heap after
{Heap after GC invocations=325 (full 14):
 PSYoungGen      total 4608K, used 1115K [0x00000000eab00000, 0x00000000eb200000, 0x0000000100000000)
  eden space 3072K, 0% used [0x00000000eab00000,0x00000000eab00000,0x00000000eae00000)
  from space 1536K, 72% used [0x00000000eb080000,0x00000000eb196f48,0x00000000eb200000)
  to   space 2048K, 0% used [0x00000000eae00000,0x00000000eae00000,0x00000000eb000000)
 ParOldGen       total 327680K, used 315897K [0x00000000c0000000, 0x00000000d4000000, 0x00000000eab00000)
  object space 327680K, 96% used [0x00000000c0000000,0x00000000d347e420,0x00000000d4000000)
 Metaspace       used 77129K, committed 78336K, reserved 1179648K
  class space    used 8082K, committed 8640K, reserved 1048576K
}
Event: 80.942 GC heap before
{Heap before GC invocations=326 (full 14):
 PSYoungGen      total 4608K, used 3637K [0x00000000eab00000, 0x00000000eb200000, 0x0000000100000000)
  eden space 3072K, 82% used [0x00000000eab00000,0x00000000ead768b0,0x00000000eae00000)
  from space 1536K, 72% used [0x00000000eb080000,0x00000000eb196f48,0x00000000eb200000)
  to   space 2048K, 0% used [0x00000000eae00000,0x00000000eae00000,0x00000000eb000000)
 ParOldGen       total 327680K, used 315897K [0x00000000c0000000, 0x00000000d4000000, 0x00000000eab00000)
  object space 327680K, 96% used [0x00000000c0000000,0x00000000d347e420,0x00000000d4000000)
 Metaspace       used 77131K, committed 78336K, reserved 1179648K
  class space    used 8082K, committed 8640K, reserved 1048576K
}
Event: 80.948 GC heap after
{Heap after GC invocations=326 (full 14):
 PSYoungGen      total 5120K, used 2035K [0x00000000eab00000, 0x00000000eb700000, 0x0000000100000000)
  eden space 3072K, 0% used [0x00000000eab00000,0x00000000eab00000,0x00000000eae00000)
  from space 2048K, 99% used [0x00000000eae00000,0x00000000eaffce60,0x00000000eb000000)
  to   space 4096K, 0% used [0x00000000eb300000,0x00000000eb300000,0x00000000eb700000)
 ParOldGen       total 327680K, used 317415K [0x00000000c0000000, 0x00000000d4000000, 0x00000000eab00000)
  object space 327680K, 96% used [0x00000000c0000000,0x00000000d35f9f08,0x00000000d4000000)
 Metaspace       used 77131K, committed 78336K, reserved 1179648K
  class space    used 8082K, committed 8640K, reserved 1048576K
}
Event: 80.989 GC heap before
{Heap before GC invocations=327 (full 14):
 PSYoungGen      total 5120K, used 5107K [0x00000000eab00000, 0x00000000eb700000, 0x0000000100000000)
  eden space 3072K, 100% used [0x00000000eab00000,0x00000000eae00000,0x00000000eae00000)
  from space 2048K, 99% used [0x00000000eae00000,0x00000000eaffce60,0x00000000eb000000)
  to   space 4096K, 0% used [0x00000000eb300000,0x00000000eb300000,0x00000000eb700000)
 ParOldGen       total 327680K, used 317415K [0x00000000c0000000, 0x00000000d4000000, 0x00000000eab00000)
  object space 327680K, 96% used [0x00000000c0000000,0x00000000d35f9f08,0x00000000d4000000)
 Metaspace       used 77397K, committed 78656K, reserved 1179648K
  class space    used 8109K, committed 8704K, reserved 1048576K
}
Event: 80.993 GC heap after
{Heap after GC invocations=327 (full 14):
 PSYoungGen      total 5632K, used 1424K [0x00000000eab00000, 0x00000000eb480000, 0x0000000100000000)
  eden space 4096K, 0% used [0x00000000eab00000,0x00000000eab00000,0x00000000eaf00000)
  from space 1536K, 92% used [0x00000000eb300000,0x00000000eb464010,0x00000000eb480000)
  to   space 2560K, 0% used [0x00000000eaf80000,0x00000000eaf80000,0x00000000eb200000)
 ParOldGen       total 327680K, used 319455K [0x00000000c0000000, 0x00000000d4000000, 0x00000000eab00000)
  object space 327680K, 97% used [0x00000000c0000000,0x00000000d37f7d40,0x00000000d4000000)
 Metaspace       used 77397K, committed 78656K, reserved 1179648K
  class space    used 8109K, committed 8704K, reserved 1048576K
}
Event: 81.069 GC heap before
{Heap before GC invocations=328 (full 14):
 PSYoungGen      total 5632K, used 5520K [0x00000000eab00000, 0x00000000eb480000, 0x0000000100000000)
  eden space 4096K, 100% used [0x00000000eab00000,0x00000000eaf00000,0x00000000eaf00000)
  from space 1536K, 92% used [0x00000000eb300000,0x00000000eb464010,0x00000000eb480000)
  to   space 2560K, 0% used [0x00000000eaf80000,0x00000000eaf80000,0x00000000eb200000)
 ParOldGen       total 327680K, used 319455K [0x00000000c0000000, 0x00000000d4000000, 0x00000000eab00000)
  object space 327680K, 97% used [0x00000000c0000000,0x00000000d37f7d40,0x00000000d4000000)
 Metaspace       used 77429K, committed 78656K, reserved 1179648K
  class space    used 8115K, committed 8704K, reserved 1048576K
}
Event: 81.078 GC heap after
{Heap after GC invocations=328 (full 14):
 PSYoungGen      total 7168K, used 2547K [0x00000000eab00000, 0x00000000ebb80000, 0x0000000100000000)
  eden space 4608K, 0% used [0x00000000eab00000,0x00000000eab00000,0x00000000eaf80000)
  from space 2560K, 99% used [0x00000000eaf80000,0x00000000eb1fcf18,0x00000000eb200000)
  to   space 6144K, 0% used [0x00000000eb580000,0x00000000eb580000,0x00000000ebb80000)
 ParOldGen       total 327680K, used 322079K [0x00000000c0000000, 0x00000000d4000000, 0x00000000eab00000)
  object space 327680K, 98% used [0x00000000c0000000,0x00000000d3a87d80,0x00000000d4000000)
 Metaspace       used 77429K, committed 78656K, reserved 1179648K
  class space    used 8115K, committed 8704K, reserved 1048576K
}
Event: 81.159 GC heap before
{Heap before GC invocations=329 (full 14):
 PSYoungGen      total 7168K, used 7155K [0x00000000eab00000, 0x00000000ebb80000, 0x0000000100000000)
  eden space 4608K, 100% used [0x00000000eab00000,0x00000000eaf80000,0x00000000eaf80000)
  from space 2560K, 99% used [0x00000000eaf80000,0x00000000eb1fcf18,0x00000000eb200000)
  to   space 6144K, 0% used [0x00000000eb580000,0x00000000eb580000,0x00000000ebb80000)
 ParOldGen       total 327680K, used 322079K [0x00000000c0000000, 0x00000000d4000000, 0x00000000eab00000)
  object space 327680K, 98% used [0x00000000c0000000,0x00000000d3a87d80,0x00000000d4000000)
 Metaspace       used 77599K, committed 78784K, reserved 1179648K
  class space    used 8159K, committed 8704K, reserved 1048576K
}
Event: 81.171 GC heap after
{Heap after GC invocations=329 (full 14):
 PSYoungGen      total 7680K, used 2327K [0x00000000eab00000, 0x00000000eb800000, 0x0000000100000000)
  eden space 5120K, 0% used [0x00000000eab00000,0x00000000eab00000,0x00000000eb000000)
  from space 2560K, 90% used [0x00000000eb580000,0x00000000eb7c5fa0,0x00000000eb800000)
  to   space 3584K, 0% used [0x00000000eb100000,0x00000000eb100000,0x00000000eb480000)
 ParOldGen       total 327680K, used 324647K [0x00000000c0000000, 0x00000000d4000000, 0x00000000eab00000)
  object space 327680K, 99% used [0x00000000c0000000,0x00000000d3d09c48,0x00000000d4000000)
 Metaspace       used 77599K, committed 78784K, reserved 1179648K
  class space    used 8159K, committed 8704K, reserved 1048576K
}
Event: 81.239 GC heap before
{Heap before GC invocations=330 (full 14):
 PSYoungGen      total 7680K, used 7324K [0x00000000eab00000, 0x00000000eb800000, 0x0000000100000000)
  eden space 5120K, 97% used [0x00000000eab00000,0x00000000eafe13a0,0x00000000eb000000)
  from space 2560K, 90% used [0x00000000eb580000,0x00000000eb7c5fa0,0x00000000eb800000)
  to   space 3584K, 0% used [0x00000000eb100000,0x00000000eb100000,0x00000000eb480000)
 ParOldGen       total 327680K, used 324647K [0x00000000c0000000, 0x00000000d4000000, 0x00000000eab00000)
  object space 327680K, 99% used [0x00000000c0000000,0x00000000d3d09c48,0x00000000d4000000)
 Metaspace       used 77762K, committed 78976K, reserved 1179648K
  class space    used 8203K, committed 8768K, reserved 1048576K
}
Event: 81.254 GC heap after
{Heap after GC invocations=330 (full 14):
 PSYoungGen      total 9216K, used 2617K [0x00000000eab00000, 0x00000000eb700000, 0x0000000100000000)
  eden space 6144K, 0% used [0x00000000eab00000,0x00000000eab00000,0x00000000eb100000)
  from space 3072K, 85% used [0x00000000eb100000,0x00000000eb38e578,0x00000000eb400000)
  to   space 3072K, 0% used [0x00000000eb400000,0x00000000eb400000,0x00000000eb700000)
 ParOldGen       total 327680K, used 326950K [0x00000000c0000000, 0x00000000d4000000, 0x00000000eab00000)
  object space 327680K, 99% used [0x00000000c0000000,0x00000000d3f49b68,0x00000000d4000000)
 Metaspace       used 77762K, committed 78976K, reserved 1179648K
  class space    used 8203K, committed 8768K, reserved 1048576K
}
Event: 81.439 GC heap before
{Heap before GC invocations=331 (full 15):
 PSYoungGen      total 9216K, used 8454K [0x00000000eab00000, 0x00000000eb700000, 0x0000000100000000)
  eden space 6144K, 94% used [0x00000000eab00000,0x00000000eb0b3318,0x00000000eb100000)
  from space 3072K, 85% used [0x00000000eb100000,0x00000000eb38e578,0x00000000eb400000)
  to   space 3072K, 0% used [0x00000000eb400000,0x00000000eb400000,0x00000000eb700000)
 ParOldGen       total 327680K, used 326950K [0x00000000c0000000, 0x00000000d4000000, 0x00000000eab00000)
  object space 327680K, 99% used [0x00000000c0000000,0x00000000d3f49b68,0x00000000d4000000)
 Metaspace       used 77818K, committed 79040K, reserved 1179648K
  class space    used 8216K, committed 8768K, reserved 1048576K
}
Event: 82.112 GC heap after
{Heap after GC invocations=331 (full 15):
 PSYoungGen      total 9216K, used 0K [0x00000000eab00000, 0x00000000eb700000, 0x0000000100000000)
  eden space 6144K, 0% used [0x00000000eab00000,0x00000000eab00000,0x00000000eb100000)
  from space 3072K, 0% used [0x00000000eb400000,0x00000000eb400000,0x00000000eb700000)
  to   space 3072K, 0% used [0x00000000eb100000,0x00000000eb100000,0x00000000eb400000)
 ParOldGen       total 327680K, used 324506K [0x00000000c0000000, 0x00000000d4000000, 0x00000000eab00000)
  object space 327680K, 99% used [0x00000000c0000000,0x00000000d3ce68b0,0x00000000d4000000)
 Metaspace       used 77818K, committed 79040K, reserved 1179648K
  class space    used 8216K, committed 8768K, reserved 1048576K
}

